2022-05-15 12:04:29,014 INFO org.hibernate.validator.internal.util.Version [background-preinit] HV000001: Hibernate Validator 6.2.3.Final
2022-05-15 12:04:29,022 INFO org.springframework.boot.StartupInfoLogger [main] Starting TbslApiApplication using Java 11.0.15 on TC16693777S with PID 49023 (/Users/tcmguner/Desktop/Dev/tbsl-api/target/classes started by tcmguner in /Users/tcmguner/Desktop/Dev/tbsl-api)
2022-05-15 12:04:29,023 DEBUG org.springframework.boot.StartupInfoLogger [main] Running with Spring Boot v2.6.7, Spring v5.3.19
2022-05-15 12:04:29,024 INFO org.springframework.boot.SpringApplication [main] No active profile set, falling back to 1 default profile: "default"
2022-05-15 12:04:29,826 INFO org.springframework.data.repository.config.RepositoryConfigurationDelegate [main] Multiple Spring Data modules found, entering strict repository configuration mode!
2022-05-15 12:04:29,828 INFO org.springframework.data.repository.config.RepositoryConfigurationDelegate [main] Bootstrapping Spring Data Redis repositories in DEFAULT mode.
2022-05-15 12:04:29,857 INFO org.springframework.data.repository.config.RepositoryConfigurationDelegate [main] Finished Spring Data repository scanning in 11 ms. Found 0 Redis repository interfaces.
2022-05-15 12:04:30,265 INFO org.springframework.boot.web.embedded.tomcat.TomcatWebServer [main] Tomcat initialized with port(s): 8080 (http)
2022-05-15 12:04:30,271 INFO org.apache.juli.logging.DirectJDKLog [main] Initializing ProtocolHandler ["http-nio-8080"]
2022-05-15 12:04:30,272 INFO org.apache.juli.logging.DirectJDKLog [main] Starting service [Tomcat]
2022-05-15 12:04:30,272 INFO org.apache.juli.logging.DirectJDKLog [main] Starting Servlet engine: [Apache Tomcat/9.0.62]
2022-05-15 12:04:30,362 INFO org.apache.juli.logging.DirectJDKLog [main] Initializing Spring embedded WebApplicationContext
2022-05-15 12:04:30,363 INFO org.springframework.boot.web.servlet.context.ServletWebServerApplicationContext [main] Root WebApplicationContext: initialization completed in 1298 ms
2022-05-15 12:04:30,756 INFO springfox.documentation.spring.web.PropertySourcedRequestMappingHandlerMapping [main] Mapped URL path [/v2/api-docs] onto method [springfox.documentation.swagger2.web.Swagger2Controller#getDocumentation(String, HttpServletRequest)]
2022-05-15 12:04:31,095 INFO org.apache.juli.logging.DirectJDKLog [main] Starting ProtocolHandler ["http-nio-8080"]
2022-05-15 12:04:31,119 INFO org.springframework.boot.web.embedded.tomcat.TomcatWebServer [main] Tomcat started on port(s): 8080 (http) with context path '/api'
2022-05-15 12:04:31,120 INFO springfox.documentation.spring.web.plugins.DocumentationPluginsBootstrapper [main] Context refreshed
2022-05-15 12:04:31,137 INFO springfox.documentation.spring.web.plugins.DocumentationPluginsBootstrapper [main] Found 1 custom documentation plugin(s)
2022-05-15 12:04:31,159 INFO springfox.documentation.spring.web.scanners.ApiListingReferenceScanner [main] Scanning for api listing references
2022-05-15 12:04:31,272 INFO org.springframework.boot.StartupInfoLogger [main] Started TbslApiApplication in 2.702 seconds (JVM running for 3.489)
2022-05-15 12:04:31,275 INFO com.biggergames.tbslapi.config.listener.CustomApplicationListener [main] Application started!
2022-05-15 12:04:31,324 INFO com.biggergames.tbslapi.config.util.DataUtil [main] Data Inserted/Updated Successfully for ALİAĞA PETKİM SPOR
2022-05-15 12:04:31,326 INFO com.biggergames.tbslapi.config.util.DataUtil [main] Data Inserted/Updated Successfully for ANADOLU EFES
2022-05-15 12:04:31,328 INFO com.biggergames.tbslapi.config.util.DataUtil [main] Data Inserted/Updated Successfully for BAHÇEŞEHİR KOLEJİ
2022-05-15 12:04:31,330 INFO com.biggergames.tbslapi.config.util.DataUtil [main] Data Inserted/Updated Successfully for BEŞİKTAŞ ICRYPEX
2022-05-15 12:04:31,332 INFO com.biggergames.tbslapi.config.util.DataUtil [main] Data Inserted/Updated Successfully for BÜYÜKÇEKMECE BASKETBOL
2022-05-15 12:04:31,334 INFO com.biggergames.tbslapi.config.util.DataUtil [main] Data Inserted/Updated Successfully for DARÜŞŞAFAKA
2022-05-15 12:04:31,336 INFO com.biggergames.tbslapi.config.util.DataUtil [main] Data Inserted/Updated Successfully for FENERBAHÇE BEKO
2022-05-15 12:04:31,338 INFO com.biggergames.tbslapi.config.util.DataUtil [main] Data Inserted/Updated Successfully for FRUTTİ EXTRA BURSASPOR
2022-05-15 12:04:31,340 INFO com.biggergames.tbslapi.config.util.DataUtil [main] Data Inserted/Updated Successfully for GALATASARAY NEF
2022-05-15 12:04:31,342 INFO com.biggergames.tbslapi.config.util.DataUtil [main] Data Inserted/Updated Successfully for GAZİANTEP BASKETBOL
2022-05-15 12:04:31,344 INFO com.biggergames.tbslapi.config.util.DataUtil [main] Data Inserted/Updated Successfully for HDI SİGORTA AFYON BELEDİYESİ
2022-05-15 12:04:31,346 INFO com.biggergames.tbslapi.config.util.DataUtil [main] Data Inserted/Updated Successfully for PINAR KARŞIYAKA
2022-05-15 12:04:31,348 INFO com.biggergames.tbslapi.config.util.DataUtil [main] Data Inserted/Updated Successfully for SEMT77 YALOVASPOR
2022-05-15 12:04:31,351 INFO com.biggergames.tbslapi.config.util.DataUtil [main] Data Inserted/Updated Successfully for TOFAŞ
2022-05-15 12:04:31,353 INFO com.biggergames.tbslapi.config.util.DataUtil [main] Data Inserted/Updated Successfully for TÜRK TELEKOM SPOR
2022-05-15 12:04:31,355 INFO com.biggergames.tbslapi.config.util.DataUtil [main] Data Inserted/Updated Successfully for YUKATEL MERKEZEFENDİ BELEDİYESİ BASKET
2022-05-15 12:04:31,356 INFO com.biggergames.tbslapi.config.util.DataUtil [main] Redis Data Initialize Completed
2022-05-15 12:04:38,830 INFO org.apache.juli.logging.DirectJDKLog [http-nio-8080-exec-2] Initializing Spring DispatcherServlet 'dispatcherServlet'
2022-05-15 12:04:38,830 INFO org.springframework.web.servlet.FrameworkServlet [http-nio-8080-exec-2] Initializing Servlet 'dispatcherServlet'
2022-05-15 12:04:38,831 INFO org.springframework.web.servlet.FrameworkServlet [http-nio-8080-exec-2] Completed initialization in 1 ms
2022-05-15 12:04:38,987 INFO com.biggergames.tbslapi.config.util.DataUtil [http-nio-8080-exec-2] Team Data :PINAR KARŞIYAKA updated with new score :3
2022-05-15 12:04:38,989 INFO com.biggergames.tbslapi.config.util.DataUtil [http-nio-8080-exec-2] Team Data :FRUTTİ EXTRA BURSASPOR updated with new score :0
2022-05-15 12:05:29,409 INFO com.biggergames.tbslapi.config.util.DataUtil [http-nio-8080-exec-4] Team Data :PINAR KARŞIYAKA updated with new score :6
2022-05-15 12:05:29,411 INFO com.biggergames.tbslapi.config.util.DataUtil [http-nio-8080-exec-4] Team Data :FRUTTİ EXTRA BURSASPOR updated with new score :0
2022-05-15 12:05:30,094 INFO com.biggergames.tbslapi.config.util.DataUtil [http-nio-8080-exec-5] Team Data :PINAR KARŞIYAKA updated with new score :9
2022-05-15 12:05:30,096 INFO com.biggergames.tbslapi.config.util.DataUtil [http-nio-8080-exec-5] Team Data :FRUTTİ EXTRA BURSASPOR updated with new score :0
2022-05-15 12:05:30,625 INFO com.biggergames.tbslapi.config.util.DataUtil [http-nio-8080-exec-6] Team Data :PINAR KARŞIYAKA updated with new score :12
2022-05-15 12:05:30,627 INFO com.biggergames.tbslapi.config.util.DataUtil [http-nio-8080-exec-6] Team Data :FRUTTİ EXTRA BURSASPOR updated with new score :0
2022-05-15 12:05:31,865 INFO com.biggergames.tbslapi.config.util.DataUtil [http-nio-8080-exec-7] Team Data :PINAR KARŞIYAKA updated with new score :15
2022-05-15 12:05:31,867 INFO com.biggergames.tbslapi.config.util.DataUtil [http-nio-8080-exec-7] Team Data :FRUTTİ EXTRA BURSASPOR updated with new score :0
2022-05-15 12:05:32,400 INFO com.biggergames.tbslapi.config.util.DataUtil [http-nio-8080-exec-8] Team Data :PINAR KARŞIYAKA updated with new score :18
2022-05-15 12:05:32,403 INFO com.biggergames.tbslapi.config.util.DataUtil [http-nio-8080-exec-8] Team Data :FRUTTİ EXTRA BURSASPOR updated with new score :0
2022-05-15 12:05:32,890 INFO com.biggergames.tbslapi.config.util.DataUtil [http-nio-8080-exec-9] Team Data :PINAR KARŞIYAKA updated with new score :21
2022-05-15 12:05:32,892 INFO com.biggergames.tbslapi.config.util.DataUtil [http-nio-8080-exec-9] Team Data :FRUTTİ EXTRA BURSASPOR updated with new score :0
2022-05-15 12:05:33,385 INFO com.biggergames.tbslapi.config.util.DataUtil [http-nio-8080-exec-10] Team Data :PINAR KARŞIYAKA updated with new score :24
2022-05-15 12:05:33,388 INFO com.biggergames.tbslapi.config.util.DataUtil [http-nio-8080-exec-10] Team Data :FRUTTİ EXTRA BURSASPOR updated with new score :0
2022-05-15 12:05:33,863 INFO com.biggergames.tbslapi.config.util.DataUtil [http-nio-8080-exec-1] Team Data :PINAR KARŞIYAKA updated with new score :27
2022-05-15 12:05:33,867 INFO com.biggergames.tbslapi.config.util.DataUtil [http-nio-8080-exec-1] Team Data :FRUTTİ EXTRA BURSASPOR updated with new score :0
2022-05-15 12:05:34,317 INFO com.biggergames.tbslapi.config.util.DataUtil [http-nio-8080-exec-2] Team Data :PINAR KARŞIYAKA updated with new score :30
2022-05-15 12:05:34,320 INFO com.biggergames.tbslapi.config.util.DataUtil [http-nio-8080-exec-2] Team Data :FRUTTİ EXTRA BURSASPOR updated with new score :0
2022-05-15 12:32:52,611 INFO org.hibernate.validator.internal.util.Version [background-preinit] HV000001: Hibernate Validator 6.2.3.Final
2022-05-15 12:32:52,611 INFO org.springframework.boot.StartupInfoLogger [main] Starting TbslApiApplication using Java 11.0.15 on TC16693777S with PID 49353 (/Users/tcmguner/Desktop/Dev/tbsl-api/target/classes started by tcmguner in /Users/tcmguner/Desktop/Dev/tbsl-api)
2022-05-15 12:32:52,614 DEBUG org.springframework.boot.StartupInfoLogger [main] Running with Spring Boot v2.6.7, Spring v5.3.19
2022-05-15 12:32:52,615 INFO org.springframework.boot.SpringApplication [main] No active profile set, falling back to 1 default profile: "default"
2022-05-15 12:32:53,225 INFO org.springframework.data.repository.config.RepositoryConfigurationDelegate [main] Multiple Spring Data modules found, entering strict repository configuration mode!
2022-05-15 12:32:53,226 INFO org.springframework.data.repository.config.RepositoryConfigurationDelegate [main] Bootstrapping Spring Data Redis repositories in DEFAULT mode.
2022-05-15 12:32:53,246 INFO org.springframework.data.repository.config.RepositoryConfigurationDelegate [main] Finished Spring Data repository scanning in 10 ms. Found 0 Redis repository interfaces.
2022-05-15 12:32:53,572 INFO org.springframework.boot.web.embedded.tomcat.TomcatWebServer [main] Tomcat initialized with port(s): 8080 (http)
2022-05-15 12:32:53,579 INFO org.apache.juli.logging.DirectJDKLog [main] Initializing ProtocolHandler ["http-nio-8080"]
2022-05-15 12:32:53,579 INFO org.apache.juli.logging.DirectJDKLog [main] Starting service [Tomcat]
2022-05-15 12:32:53,579 INFO org.apache.juli.logging.DirectJDKLog [main] Starting Servlet engine: [Apache Tomcat/9.0.62]
2022-05-15 12:32:53,658 INFO org.apache.juli.logging.DirectJDKLog [main] Initializing Spring embedded WebApplicationContext
2022-05-15 12:32:53,658 INFO org.springframework.boot.web.servlet.context.ServletWebServerApplicationContext [main] Root WebApplicationContext: initialization completed in 1004 ms
2022-05-15 12:32:53,996 INFO springfox.documentation.spring.web.PropertySourcedRequestMappingHandlerMapping [main] Mapped URL path [/v2/api-docs] onto method [springfox.documentation.swagger2.web.Swagger2Controller#getDocumentation(String, HttpServletRequest)]
2022-05-15 12:32:54,240 INFO org.apache.juli.logging.DirectJDKLog [main] Starting ProtocolHandler ["http-nio-8080"]
2022-05-15 12:32:54,258 INFO org.springframework.boot.web.embedded.tomcat.TomcatWebServer [main] Tomcat started on port(s): 8080 (http) with context path '/api'
2022-05-15 12:32:54,258 INFO springfox.documentation.spring.web.plugins.DocumentationPluginsBootstrapper [main] Context refreshed
2022-05-15 12:32:54,268 INFO springfox.documentation.spring.web.plugins.DocumentationPluginsBootstrapper [main] Found 1 custom documentation plugin(s)
2022-05-15 12:32:54,288 INFO springfox.documentation.spring.web.scanners.ApiListingReferenceScanner [main] Scanning for api listing references
2022-05-15 12:32:54,407 INFO org.springframework.boot.StartupInfoLogger [main] Started TbslApiApplication in 2.182 seconds (JVM running for 2.899)
2022-05-15 12:32:54,409 INFO com.biggergames.tbslapi.config.listener.CustomApplicationListener [main] Application started!
2022-05-15 12:32:54,446 INFO com.biggergames.tbslapi.config.util.DataUtil [main] Data Inserted/Updated Successfully for ALİAĞA PETKİM SPOR
2022-05-15 12:32:54,448 INFO com.biggergames.tbslapi.config.util.DataUtil [main] Data Inserted/Updated Successfully for ANADOLU EFES
2022-05-15 12:32:54,450 INFO com.biggergames.tbslapi.config.util.DataUtil [main] Data Inserted/Updated Successfully for BAHÇEŞEHİR KOLEJİ
2022-05-15 12:32:54,452 INFO com.biggergames.tbslapi.config.util.DataUtil [main] Data Inserted/Updated Successfully for BEŞİKTAŞ ICRYPEX
2022-05-15 12:32:54,454 INFO com.biggergames.tbslapi.config.util.DataUtil [main] Data Inserted/Updated Successfully for BÜYÜKÇEKMECE BASKETBOL
2022-05-15 12:32:54,456 INFO com.biggergames.tbslapi.config.util.DataUtil [main] Data Inserted/Updated Successfully for DARÜŞŞAFAKA
2022-05-15 12:32:54,458 INFO com.biggergames.tbslapi.config.util.DataUtil [main] Data Inserted/Updated Successfully for FENERBAHÇE BEKO
2022-05-15 12:32:54,460 INFO com.biggergames.tbslapi.config.util.DataUtil [main] Data Inserted/Updated Successfully for FRUTTİ EXTRA BURSASPOR
2022-05-15 12:32:54,462 INFO com.biggergames.tbslapi.config.util.DataUtil [main] Data Inserted/Updated Successfully for GALATASARAY NEF
2022-05-15 12:32:54,463 INFO com.biggergames.tbslapi.config.util.DataUtil [main] Data Inserted/Updated Successfully for GAZİANTEP BASKETBOL
2022-05-15 12:32:54,466 INFO com.biggergames.tbslapi.config.util.DataUtil [main] Data Inserted/Updated Successfully for HDI SİGORTA AFYON BELEDİYESİ
2022-05-15 12:32:54,468 INFO com.biggergames.tbslapi.config.util.DataUtil [main] Data Inserted/Updated Successfully for PINAR KARŞIYAKA
2022-05-15 12:32:54,470 INFO com.biggergames.tbslapi.config.util.DataUtil [main] Data Inserted/Updated Successfully for SEMT77 YALOVASPOR
2022-05-15 12:32:54,472 INFO com.biggergames.tbslapi.config.util.DataUtil [main] Data Inserted/Updated Successfully for TOFAŞ
2022-05-15 12:32:54,474 INFO com.biggergames.tbslapi.config.util.DataUtil [main] Data Inserted/Updated Successfully for TÜRK TELEKOM SPOR
2022-05-15 12:32:54,477 INFO com.biggergames.tbslapi.config.util.DataUtil [main] Data Inserted/Updated Successfully for YUKATEL MERKEZEFENDİ BELEDİYESİ BASKET
2022-05-15 12:32:54,477 INFO com.biggergames.tbslapi.config.util.DataUtil [main] Redis Data Initialize Completed
2022-05-15 12:33:21,600 INFO org.apache.juli.logging.DirectJDKLog [http-nio-8080-exec-2] Initializing Spring DispatcherServlet 'dispatcherServlet'
2022-05-15 12:33:21,600 INFO org.springframework.web.servlet.FrameworkServlet [http-nio-8080-exec-2] Initializing Servlet 'dispatcherServlet'
2022-05-15 12:33:21,601 INFO org.springframework.web.servlet.FrameworkServlet [http-nio-8080-exec-2] Completed initialization in 1 ms
2022-05-15 13:04:21,514 INFO org.hibernate.validator.internal.util.Version [background-preinit] HV000001: Hibernate Validator 6.2.3.Final
2022-05-15 13:04:21,514 INFO org.springframework.boot.StartupInfoLogger [main] Starting TbslApiApplication using Java 11.0.15 on TC16693777S with PID 50147 (/Users/tcmguner/Desktop/Dev/tbsl-api/target/classes started by tcmguner in /Users/tcmguner/Desktop/Dev/tbsl-api)
2022-05-15 13:04:21,518 DEBUG org.springframework.boot.StartupInfoLogger [main] Running with Spring Boot v2.6.7, Spring v5.3.19
2022-05-15 13:04:21,519 INFO org.springframework.boot.SpringApplication [main] No active profile set, falling back to 1 default profile: "default"
2022-05-15 13:04:22,256 INFO org.springframework.data.repository.config.RepositoryConfigurationDelegate [main] Multiple Spring Data modules found, entering strict repository configuration mode!
2022-05-15 13:04:22,258 INFO org.springframework.data.repository.config.RepositoryConfigurationDelegate [main] Bootstrapping Spring Data Redis repositories in DEFAULT mode.
2022-05-15 13:04:22,280 INFO org.springframework.data.repository.config.RepositoryConfigurationDelegate [main] Finished Spring Data repository scanning in 11 ms. Found 0 Redis repository interfaces.
2022-05-15 13:04:22,643 INFO org.springframework.boot.web.embedded.tomcat.TomcatWebServer [main] Tomcat initialized with port(s): 8080 (http)
2022-05-15 13:04:22,651 INFO org.apache.juli.logging.DirectJDKLog [main] Initializing ProtocolHandler ["http-nio-8080"]
2022-05-15 13:04:22,652 INFO org.apache.juli.logging.DirectJDKLog [main] Starting service [Tomcat]
2022-05-15 13:04:22,652 INFO org.apache.juli.logging.DirectJDKLog [main] Starting Servlet engine: [Apache Tomcat/9.0.62]
2022-05-15 13:04:22,751 INFO org.apache.juli.logging.DirectJDKLog [main] Initializing Spring embedded WebApplicationContext
2022-05-15 13:04:22,751 INFO org.springframework.boot.web.servlet.context.ServletWebServerApplicationContext [main] Root WebApplicationContext: initialization completed in 1183 ms
2022-05-15 13:04:23,128 INFO springfox.documentation.spring.web.PropertySourcedRequestMappingHandlerMapping [main] Mapped URL path [/v2/api-docs] onto method [springfox.documentation.swagger2.web.Swagger2Controller#getDocumentation(String, HttpServletRequest)]
2022-05-15 13:04:23,423 INFO org.apache.juli.logging.DirectJDKLog [main] Starting ProtocolHandler ["http-nio-8080"]
2022-05-15 13:04:23,443 INFO org.springframework.boot.web.embedded.tomcat.TomcatWebServer [main] Tomcat started on port(s): 8080 (http) with context path '/api'
2022-05-15 13:04:23,444 INFO springfox.documentation.spring.web.plugins.DocumentationPluginsBootstrapper [main] Context refreshed
2022-05-15 13:04:23,457 INFO springfox.documentation.spring.web.plugins.DocumentationPluginsBootstrapper [main] Found 1 custom documentation plugin(s)
2022-05-15 13:04:23,477 INFO springfox.documentation.spring.web.scanners.ApiListingReferenceScanner [main] Scanning for api listing references
2022-05-15 13:04:23,598 INFO org.springframework.boot.StartupInfoLogger [main] Started TbslApiApplication in 2.593 seconds (JVM running for 3.313)
2022-05-15 13:04:23,601 INFO com.biggergames.tbslapi.config.listener.CustomApplicationListener [main] Application started!
2022-05-15 13:04:23,641 INFO com.biggergames.tbslapi.config.util.DataUtil [main] Data Inserted/Updated Successfully for ALİAĞA PETKİM SPOR
2022-05-15 13:04:23,643 INFO com.biggergames.tbslapi.config.util.DataUtil [main] Data Inserted/Updated Successfully for ANADOLU EFES
2022-05-15 13:04:23,645 INFO com.biggergames.tbslapi.config.util.DataUtil [main] Data Inserted/Updated Successfully for BAHÇEŞEHİR KOLEJİ
2022-05-15 13:04:23,647 INFO com.biggergames.tbslapi.config.util.DataUtil [main] Data Inserted/Updated Successfully for BEŞİKTAŞ ICRYPEX
2022-05-15 13:04:23,650 INFO com.biggergames.tbslapi.config.util.DataUtil [main] Data Inserted/Updated Successfully for BÜYÜKÇEKMECE BASKETBOL
2022-05-15 13:04:23,652 INFO com.biggergames.tbslapi.config.util.DataUtil [main] Data Inserted/Updated Successfully for DARÜŞŞAFAKA
2022-05-15 13:04:23,654 INFO com.biggergames.tbslapi.config.util.DataUtil [main] Data Inserted/Updated Successfully for FENERBAHÇE BEKO
2022-05-15 13:04:23,657 INFO com.biggergames.tbslapi.config.util.DataUtil [main] Data Inserted/Updated Successfully for FRUTTİ EXTRA BURSASPOR
2022-05-15 13:04:23,658 INFO com.biggergames.tbslapi.config.util.DataUtil [main] Data Inserted/Updated Successfully for GALATASARAY NEF
2022-05-15 13:04:23,660 INFO com.biggergames.tbslapi.config.util.DataUtil [main] Data Inserted/Updated Successfully for GAZİANTEP BASKETBOL
2022-05-15 13:04:23,662 INFO com.biggergames.tbslapi.config.util.DataUtil [main] Data Inserted/Updated Successfully for HDI SİGORTA AFYON BELEDİYESİ
2022-05-15 13:04:23,665 INFO com.biggergames.tbslapi.config.util.DataUtil [main] Data Inserted/Updated Successfully for PINAR KARŞIYAKA
2022-05-15 13:04:23,667 INFO com.biggergames.tbslapi.config.util.DataUtil [main] Data Inserted/Updated Successfully for SEMT77 YALOVASPOR
2022-05-15 13:04:23,670 INFO com.biggergames.tbslapi.config.util.DataUtil [main] Data Inserted/Updated Successfully for TOFAŞ
2022-05-15 13:04:23,672 INFO com.biggergames.tbslapi.config.util.DataUtil [main] Data Inserted/Updated Successfully for TÜRK TELEKOM SPOR
2022-05-15 13:04:23,674 INFO com.biggergames.tbslapi.config.util.DataUtil [main] Data Inserted/Updated Successfully for YUKATEL MERKEZEFENDİ BELEDİYESİ BASKET
2022-05-15 13:04:23,675 INFO com.biggergames.tbslapi.config.util.DataUtil [main] Redis Data Initialize Completed
2022-05-15 13:04:30,940 INFO org.apache.juli.logging.DirectJDKLog [http-nio-8080-exec-1] Initializing Spring DispatcherServlet 'dispatcherServlet'
2022-05-15 13:04:30,941 INFO org.springframework.web.servlet.FrameworkServlet [http-nio-8080-exec-1] Initializing Servlet 'dispatcherServlet'
2022-05-15 13:04:30,942 INFO org.springframework.web.servlet.FrameworkServlet [http-nio-8080-exec-1] Completed initialization in 1 ms
2022-05-15 13:04:31,087 INFO com.biggergames.tbslapi.config.util.DataUtil [http-nio-8080-exec-1] Team Data :PINAR KARŞIYAKA updated with new score :3
2022-05-15 13:04:31,089 INFO com.biggergames.tbslapi.config.util.DataUtil [http-nio-8080-exec-1] Team Data :FRUTTİ EXTRA BURSASPOR updated with new score :0
2022-05-15 13:04:31,915 INFO com.biggergames.tbslapi.config.util.DataUtil [http-nio-8080-exec-3] Team Data :PINAR KARŞIYAKA updated with new score :6
2022-05-15 13:04:31,917 INFO com.biggergames.tbslapi.config.util.DataUtil [http-nio-8080-exec-3] Team Data :FRUTTİ EXTRA BURSASPOR updated with new score :0
2022-05-15 13:04:32,440 INFO com.biggergames.tbslapi.config.util.DataUtil [http-nio-8080-exec-4] Team Data :PINAR KARŞIYAKA updated with new score :9
2022-05-15 13:04:32,442 INFO com.biggergames.tbslapi.config.util.DataUtil [http-nio-8080-exec-4] Team Data :FRUTTİ EXTRA BURSASPOR updated with new score :0
2022-05-15 13:04:33,743 INFO com.biggergames.tbslapi.config.util.DataUtil [http-nio-8080-exec-5] Team Data :PINAR KARŞIYAKA updated with new score :12
2022-05-15 13:04:33,745 INFO com.biggergames.tbslapi.config.util.DataUtil [http-nio-8080-exec-5] Team Data :FRUTTİ EXTRA BURSASPOR updated with new score :0
2022-05-15 13:06:23,461 INFO org.springframework.boot.StartupInfoLogger [main] Starting TbslApiApplication using Java 11.0.15 on TC16693777S with PID 50160 (/Users/tcmguner/Desktop/Dev/tbsl-api/target/classes started by tcmguner in /Users/tcmguner/Desktop/Dev/tbsl-api)
2022-05-15 13:06:23,461 INFO org.hibernate.validator.internal.util.Version [background-preinit] HV000001: Hibernate Validator 6.2.3.Final
2022-05-15 13:06:23,465 DEBUG org.springframework.boot.StartupInfoLogger [main] Running with Spring Boot v2.6.7, Spring v5.3.19
2022-05-15 13:06:23,466 INFO org.springframework.boot.SpringApplication [main] No active profile set, falling back to 1 default profile: "default"
2022-05-15 13:06:24,171 INFO org.springframework.data.repository.config.RepositoryConfigurationDelegate [main] Multiple Spring Data modules found, entering strict repository configuration mode!
2022-05-15 13:06:24,174 INFO org.springframework.data.repository.config.RepositoryConfigurationDelegate [main] Bootstrapping Spring Data Redis repositories in DEFAULT mode.
2022-05-15 13:06:24,198 INFO org.springframework.data.repository.config.RepositoryConfigurationDelegate [main] Finished Spring Data repository scanning in 13 ms. Found 0 Redis repository interfaces.
2022-05-15 13:06:24,536 INFO org.springframework.boot.web.embedded.tomcat.TomcatWebServer [main] Tomcat initialized with port(s): 8080 (http)
2022-05-15 13:06:24,542 INFO org.apache.juli.logging.DirectJDKLog [main] Initializing ProtocolHandler ["http-nio-8080"]
2022-05-15 13:06:24,543 INFO org.apache.juli.logging.DirectJDKLog [main] Starting service [Tomcat]
2022-05-15 13:06:24,543 INFO org.apache.juli.logging.DirectJDKLog [main] Starting Servlet engine: [Apache Tomcat/9.0.62]
2022-05-15 13:06:24,625 INFO org.apache.juli.logging.DirectJDKLog [main] Initializing Spring embedded WebApplicationContext
2022-05-15 13:06:24,625 INFO org.springframework.boot.web.servlet.context.ServletWebServerApplicationContext [main] Root WebApplicationContext: initialization completed in 1119 ms
2022-05-15 13:06:24,968 INFO springfox.documentation.spring.web.PropertySourcedRequestMappingHandlerMapping [main] Mapped URL path [/v2/api-docs] onto method [springfox.documentation.swagger2.web.Swagger2Controller#getDocumentation(String, HttpServletRequest)]
2022-05-15 13:06:25,253 INFO org.apache.juli.logging.DirectJDKLog [main] Starting ProtocolHandler ["http-nio-8080"]
2022-05-15 13:06:25,271 INFO org.springframework.boot.web.embedded.tomcat.TomcatWebServer [main] Tomcat started on port(s): 8080 (http) with context path '/api'
2022-05-15 13:06:25,272 INFO springfox.documentation.spring.web.plugins.DocumentationPluginsBootstrapper [main] Context refreshed
2022-05-15 13:06:25,286 INFO springfox.documentation.spring.web.plugins.DocumentationPluginsBootstrapper [main] Found 1 custom documentation plugin(s)
2022-05-15 13:06:25,304 INFO springfox.documentation.spring.web.scanners.ApiListingReferenceScanner [main] Scanning for api listing references
2022-05-15 13:06:25,424 INFO org.springframework.boot.StartupInfoLogger [main] Started TbslApiApplication in 2.446 seconds (JVM running for 3.062)
2022-05-15 13:06:25,426 INFO com.biggergames.tbslapi.config.listener.CustomApplicationListener [main] Application started!
2022-05-15 13:06:25,467 INFO com.biggergames.tbslapi.config.util.DataUtil [main] Data Inserted/Updated Successfully for ALİAĞA PETKİM SPOR
2022-05-15 13:06:25,469 INFO com.biggergames.tbslapi.config.util.DataUtil [main] Data Inserted/Updated Successfully for ANADOLU EFES
2022-05-15 13:06:25,471 INFO com.biggergames.tbslapi.config.util.DataUtil [main] Data Inserted/Updated Successfully for BAHÇEŞEHİR KOLEJİ
2022-05-15 13:06:25,473 INFO com.biggergames.tbslapi.config.util.DataUtil [main] Data Inserted/Updated Successfully for BEŞİKTAŞ ICRYPEX
2022-05-15 13:06:25,476 INFO com.biggergames.tbslapi.config.util.DataUtil [main] Data Inserted/Updated Successfully for BÜYÜKÇEKMECE BASKETBOL
2022-05-15 13:06:25,478 INFO com.biggergames.tbslapi.config.util.DataUtil [main] Data Inserted/Updated Successfully for DARÜŞŞAFAKA
2022-05-15 13:06:25,480 INFO com.biggergames.tbslapi.config.util.DataUtil [main] Data Inserted/Updated Successfully for FENERBAHÇE BEKO
2022-05-15 13:06:25,482 INFO com.biggergames.tbslapi.config.util.DataUtil [main] Data Inserted/Updated Successfully for FRUTTİ EXTRA BURSASPOR
2022-05-15 13:06:25,484 INFO com.biggergames.tbslapi.config.util.DataUtil [main] Data Inserted/Updated Successfully for GALATASARAY NEF
2022-05-15 13:06:25,487 INFO com.biggergames.tbslapi.config.util.DataUtil [main] Data Inserted/Updated Successfully for GAZİANTEP BASKETBOL
2022-05-15 13:06:25,489 INFO com.biggergames.tbslapi.config.util.DataUtil [main] Data Inserted/Updated Successfully for HDI SİGORTA AFYON BELEDİYESİ
2022-05-15 13:06:25,491 INFO com.biggergames.tbslapi.config.util.DataUtil [main] Data Inserted/Updated Successfully for PINAR KARŞIYAKA
2022-05-15 13:06:25,493 INFO com.biggergames.tbslapi.config.util.DataUtil [main] Data Inserted/Updated Successfully for SEMT77 YALOVASPOR
2022-05-15 13:06:25,495 INFO com.biggergames.tbslapi.config.util.DataUtil [main] Data Inserted/Updated Successfully for TOFAŞ
2022-05-15 13:06:25,497 INFO com.biggergames.tbslapi.config.util.DataUtil [main] Data Inserted/Updated Successfully for TÜRK TELEKOM SPOR
2022-05-15 13:06:25,499 INFO com.biggergames.tbslapi.config.util.DataUtil [main] Data Inserted/Updated Successfully for YUKATEL MERKEZEFENDİ BELEDİYESİ BASKET
2022-05-15 13:06:25,500 INFO com.biggergames.tbslapi.config.util.DataUtil [main] Redis Data Initialize Completed
2022-05-15 13:06:31,648 INFO org.apache.juli.logging.DirectJDKLog [http-nio-8080-exec-1] Initializing Spring DispatcherServlet 'dispatcherServlet'
2022-05-15 13:06:31,649 INFO org.springframework.web.servlet.FrameworkServlet [http-nio-8080-exec-1] Initializing Servlet 'dispatcherServlet'
2022-05-15 13:06:31,650 INFO org.springframework.web.servlet.FrameworkServlet [http-nio-8080-exec-1] Completed initialization in 1 ms
2022-05-15 13:36:07,289 INFO org.hibernate.validator.internal.util.Version [background-preinit] HV000001: Hibernate Validator 6.2.3.Final
2022-05-15 13:36:07,289 INFO org.springframework.boot.StartupInfoLogger [main] Starting TbslApiApplication using Java 11.0.15 on TC16693777S with PID 50386 (/Users/tcmguner/Desktop/Dev/tbsl-api/target/classes started by tcmguner in /Users/tcmguner/Desktop/Dev/tbsl-api)
2022-05-15 13:36:07,293 DEBUG org.springframework.boot.StartupInfoLogger [main] Running with Spring Boot v2.6.7, Spring v5.3.19
2022-05-15 13:36:07,293 INFO org.springframework.boot.SpringApplication [main] No active profile set, falling back to 1 default profile: "default"
2022-05-15 13:36:08,029 INFO org.springframework.data.repository.config.RepositoryConfigurationDelegate [main] Multiple Spring Data modules found, entering strict repository configuration mode!
2022-05-15 13:36:08,032 INFO org.springframework.data.repository.config.RepositoryConfigurationDelegate [main] Bootstrapping Spring Data Redis repositories in DEFAULT mode.
2022-05-15 13:36:08,054 INFO org.springframework.data.repository.config.RepositoryConfigurationDelegate [main] Finished Spring Data repository scanning in 11 ms. Found 0 Redis repository interfaces.
2022-05-15 13:36:08,400 INFO org.springframework.boot.web.embedded.tomcat.TomcatWebServer [main] Tomcat initialized with port(s): 8080 (http)
2022-05-15 13:36:08,407 INFO org.apache.juli.logging.DirectJDKLog [main] Initializing ProtocolHandler ["http-nio-8080"]
2022-05-15 13:36:08,407 INFO org.apache.juli.logging.DirectJDKLog [main] Starting service [Tomcat]
2022-05-15 13:36:08,407 INFO org.apache.juli.logging.DirectJDKLog [main] Starting Servlet engine: [Apache Tomcat/9.0.62]
2022-05-15 13:36:08,491 INFO org.apache.juli.logging.DirectJDKLog [main] Initializing Spring embedded WebApplicationContext
2022-05-15 13:36:08,491 INFO org.springframework.boot.web.servlet.context.ServletWebServerApplicationContext [main] Root WebApplicationContext: initialization completed in 1162 ms
2022-05-15 13:36:08,850 INFO springfox.documentation.spring.web.PropertySourcedRequestMappingHandlerMapping [main] Mapped URL path [/v2/api-docs] onto method [springfox.documentation.swagger2.web.Swagger2Controller#getDocumentation(String, HttpServletRequest)]
2022-05-15 13:36:09,136 INFO org.apache.juli.logging.DirectJDKLog [main] Starting ProtocolHandler ["http-nio-8080"]
2022-05-15 13:36:09,155 INFO org.springframework.boot.web.embedded.tomcat.TomcatWebServer [main] Tomcat started on port(s): 8080 (http) with context path '/api'
2022-05-15 13:36:09,156 INFO springfox.documentation.spring.web.plugins.DocumentationPluginsBootstrapper [main] Context refreshed
2022-05-15 13:36:09,168 INFO springfox.documentation.spring.web.plugins.DocumentationPluginsBootstrapper [main] Found 1 custom documentation plugin(s)
2022-05-15 13:36:09,187 INFO springfox.documentation.spring.web.scanners.ApiListingReferenceScanner [main] Scanning for api listing references
2022-05-15 13:36:09,301 INFO org.springframework.boot.StartupInfoLogger [main] Started TbslApiApplication in 2.422 seconds (JVM running for 3.1)
2022-05-15 13:36:09,303 INFO com.biggergames.tbslapi.config.listener.CustomApplicationListener [main] Application started!
2022-05-15 13:36:09,342 INFO com.biggergames.tbslapi.config.util.DataUtil [main] Data Inserted/Updated Successfully for ALİAĞA PETKİM SPOR
2022-05-15 13:36:09,344 INFO com.biggergames.tbslapi.config.util.DataUtil [main] Data Inserted/Updated Successfully for ANADOLU EFES
2022-05-15 13:36:09,346 INFO com.biggergames.tbslapi.config.util.DataUtil [main] Data Inserted/Updated Successfully for BAHÇEŞEHİR KOLEJİ
2022-05-15 13:36:09,347 INFO com.biggergames.tbslapi.config.util.DataUtil [main] Data Inserted/Updated Successfully for BEŞİKTAŞ ICRYPEX
2022-05-15 13:36:09,349 INFO com.biggergames.tbslapi.config.util.DataUtil [main] Data Inserted/Updated Successfully for BÜYÜKÇEKMECE BASKETBOL
2022-05-15 13:36:09,351 INFO com.biggergames.tbslapi.config.util.DataUtil [main] Data Inserted/Updated Successfully for DARÜŞŞAFAKA
2022-05-15 13:36:09,354 INFO com.biggergames.tbslapi.config.util.DataUtil [main] Data Inserted/Updated Successfully for FENERBAHÇE BEKO
2022-05-15 13:36:09,355 INFO com.biggergames.tbslapi.config.util.DataUtil [main] Data Inserted/Updated Successfully for FRUTTİ EXTRA BURSASPOR
2022-05-15 13:36:09,357 INFO com.biggergames.tbslapi.config.util.DataUtil [main] Data Inserted/Updated Successfully for GALATASARAY NEF
2022-05-15 13:36:09,359 INFO com.biggergames.tbslapi.config.util.DataUtil [main] Data Inserted/Updated Successfully for GAZİANTEP BASKETBOL
2022-05-15 13:36:09,361 INFO com.biggergames.tbslapi.config.util.DataUtil [main] Data Inserted/Updated Successfully for HDI SİGORTA AFYON BELEDİYESİ
2022-05-15 13:36:09,363 INFO com.biggergames.tbslapi.config.util.DataUtil [main] Data Inserted/Updated Successfully for PINAR KARŞIYAKA
2022-05-15 13:36:09,365 INFO com.biggergames.tbslapi.config.util.DataUtil [main] Data Inserted/Updated Successfully for SEMT77 YALOVASPOR
2022-05-15 13:36:09,367 INFO com.biggergames.tbslapi.config.util.DataUtil [main] Data Inserted/Updated Successfully for TOFAŞ
2022-05-15 13:36:09,369 INFO com.biggergames.tbslapi.config.util.DataUtil [main] Data Inserted/Updated Successfully for TÜRK TELEKOM SPOR
2022-05-15 13:36:09,371 INFO com.biggergames.tbslapi.config.util.DataUtil [main] Data Inserted/Updated Successfully for YUKATEL MERKEZEFENDİ BELEDİYESİ BASKET
2022-05-15 13:36:09,371 INFO com.biggergames.tbslapi.config.util.DataUtil [main] Redis Data Initialize Completed
2022-05-15 13:36:14,947 INFO org.apache.juli.logging.DirectJDKLog [http-nio-8080-exec-1] Initializing Spring DispatcherServlet 'dispatcherServlet'
2022-05-15 13:36:14,947 INFO org.springframework.web.servlet.FrameworkServlet [http-nio-8080-exec-1] Initializing Servlet 'dispatcherServlet'
2022-05-15 13:36:14,948 INFO org.springframework.web.servlet.FrameworkServlet [http-nio-8080-exec-1] Completed initialization in 1 ms
2022-05-15 13:51:45,798 INFO org.springframework.boot.StartupInfoLogger [main] Starting TbslApiApplication using Java 11.0.15 on TC16693777S with PID 50527 (/Users/tcmguner/Desktop/Dev/tbsl-api/target/classes started by tcmguner in /Users/tcmguner/Desktop/Dev/tbsl-api)
2022-05-15 13:51:45,800 INFO org.hibernate.validator.internal.util.Version [background-preinit] HV000001: Hibernate Validator 6.2.3.Final
2022-05-15 13:51:45,801 DEBUG org.springframework.boot.StartupInfoLogger [main] Running with Spring Boot v2.6.7, Spring v5.3.19
2022-05-15 13:51:45,802 INFO org.springframework.boot.SpringApplication [main] No active profile set, falling back to 1 default profile: "default"
2022-05-15 13:51:46,517 INFO org.springframework.data.repository.config.RepositoryConfigurationDelegate [main] Multiple Spring Data modules found, entering strict repository configuration mode!
2022-05-15 13:51:46,520 INFO org.springframework.data.repository.config.RepositoryConfigurationDelegate [main] Bootstrapping Spring Data Redis repositories in DEFAULT mode.
2022-05-15 13:51:46,543 INFO org.springframework.data.repository.config.RepositoryConfigurationDelegate [main] Finished Spring Data repository scanning in 11 ms. Found 0 Redis repository interfaces.
2022-05-15 13:51:46,903 INFO org.springframework.boot.web.embedded.tomcat.TomcatWebServer [main] Tomcat initialized with port(s): 8080 (http)
2022-05-15 13:51:46,909 INFO org.apache.juli.logging.DirectJDKLog [main] Initializing ProtocolHandler ["http-nio-8080"]
2022-05-15 13:51:46,910 INFO org.apache.juli.logging.DirectJDKLog [main] Starting service [Tomcat]
2022-05-15 13:51:46,910 INFO org.apache.juli.logging.DirectJDKLog [main] Starting Servlet engine: [Apache Tomcat/9.0.62]
2022-05-15 13:51:46,984 INFO org.apache.juli.logging.DirectJDKLog [main] Initializing Spring embedded WebApplicationContext
2022-05-15 13:51:46,984 INFO org.springframework.boot.web.servlet.context.ServletWebServerApplicationContext [main] Root WebApplicationContext: initialization completed in 1143 ms
2022-05-15 13:51:47,326 INFO springfox.documentation.spring.web.PropertySourcedRequestMappingHandlerMapping [main] Mapped URL path [/v2/api-docs] onto method [springfox.documentation.swagger2.web.Swagger2Controller#getDocumentation(String, HttpServletRequest)]
2022-05-15 13:51:47,620 INFO org.apache.juli.logging.DirectJDKLog [main] Starting ProtocolHandler ["http-nio-8080"]
2022-05-15 13:51:47,640 INFO org.springframework.boot.web.embedded.tomcat.TomcatWebServer [main] Tomcat started on port(s): 8080 (http) with context path '/api'
2022-05-15 13:51:47,641 INFO springfox.documentation.spring.web.plugins.DocumentationPluginsBootstrapper [main] Context refreshed
2022-05-15 13:51:47,654 INFO springfox.documentation.spring.web.plugins.DocumentationPluginsBootstrapper [main] Found 1 custom documentation plugin(s)
2022-05-15 13:51:47,675 INFO springfox.documentation.spring.web.scanners.ApiListingReferenceScanner [main] Scanning for api listing references
2022-05-15 13:51:47,806 INFO org.springframework.boot.StartupInfoLogger [main] Started TbslApiApplication in 2.438 seconds (JVM running for 3.107)
2022-05-15 13:51:47,809 INFO com.biggergames.tbslapi.config.listener.CustomApplicationListener [main] Application started!
2022-05-15 13:51:47,854 INFO com.biggergames.tbslapi.config.util.DataUtil [main] Data Inserted/Updated Successfully for ALİAĞA PETKİM SPOR
2022-05-15 13:51:47,857 INFO com.biggergames.tbslapi.config.util.DataUtil [main] Data Inserted/Updated Successfully for ANADOLU EFES
2022-05-15 13:51:47,859 INFO com.biggergames.tbslapi.config.util.DataUtil [main] Data Inserted/Updated Successfully for BAHÇEŞEHİR KOLEJİ
2022-05-15 13:51:47,862 INFO com.biggergames.tbslapi.config.util.DataUtil [main] Data Inserted/Updated Successfully for BEŞİKTAŞ ICRYPEX
2022-05-15 13:51:47,865 INFO com.biggergames.tbslapi.config.util.DataUtil [main] Data Inserted/Updated Successfully for BÜYÜKÇEKMECE BASKETBOL
2022-05-15 13:51:47,867 INFO com.biggergames.tbslapi.config.util.DataUtil [main] Data Inserted/Updated Successfully for DARÜŞŞAFAKA
2022-05-15 13:51:47,870 INFO com.biggergames.tbslapi.config.util.DataUtil [main] Data Inserted/Updated Successfully for FENERBAHÇE BEKO
2022-05-15 13:51:47,873 INFO com.biggergames.tbslapi.config.util.DataUtil [main] Data Inserted/Updated Successfully for FRUTTİ EXTRA BURSASPOR
2022-05-15 13:51:47,875 INFO com.biggergames.tbslapi.config.util.DataUtil [main] Data Inserted/Updated Successfully for GALATASARAY NEF
2022-05-15 13:51:47,877 INFO com.biggergames.tbslapi.config.util.DataUtil [main] Data Inserted/Updated Successfully for GAZİANTEP BASKETBOL
2022-05-15 13:51:47,879 INFO com.biggergames.tbslapi.config.util.DataUtil [main] Data Inserted/Updated Successfully for HDI SİGORTA AFYON BELEDİYESİ
2022-05-15 13:51:47,882 INFO com.biggergames.tbslapi.config.util.DataUtil [main] Data Inserted/Updated Successfully for PINAR KARŞIYAKA
2022-05-15 13:51:47,884 INFO com.biggergames.tbslapi.config.util.DataUtil [main] Data Inserted/Updated Successfully for SEMT77 YALOVASPOR
2022-05-15 13:51:47,887 INFO com.biggergames.tbslapi.config.util.DataUtil [main] Data Inserted/Updated Successfully for TOFAŞ
2022-05-15 13:51:47,889 INFO com.biggergames.tbslapi.config.util.DataUtil [main] Data Inserted/Updated Successfully for TÜRK TELEKOM SPOR
2022-05-15 13:51:47,891 INFO com.biggergames.tbslapi.config.util.DataUtil [main] Data Inserted/Updated Successfully for YUKATEL MERKEZEFENDİ BELEDİYESİ BASKET
2022-05-15 13:51:47,891 INFO com.biggergames.tbslapi.config.util.DataUtil [main] Redis Data Initialize Completed
2022-05-15 13:51:54,886 INFO org.apache.juli.logging.DirectJDKLog [http-nio-8080-exec-1] Initializing Spring DispatcherServlet 'dispatcherServlet'
2022-05-15 13:51:54,886 INFO org.springframework.web.servlet.FrameworkServlet [http-nio-8080-exec-1] Initializing Servlet 'dispatcherServlet'
2022-05-15 13:51:54,887 INFO org.springframework.web.servlet.FrameworkServlet [http-nio-8080-exec-1] Completed initialization in 1 ms
2022-05-15 13:54:16,043 INFO org.hibernate.validator.internal.util.Version [background-preinit] HV000001: Hibernate Validator 6.2.3.Final
2022-05-15 13:54:16,048 INFO org.springframework.boot.StartupInfoLogger [main] Starting TbslApiApplication using Java 11.0.15 on TC16693777S with PID 50555 (/Users/tcmguner/Desktop/Dev/tbsl-api/target/classes started by tcmguner in /Users/tcmguner/Desktop/Dev/tbsl-api)
2022-05-15 13:54:16,050 DEBUG org.springframework.boot.StartupInfoLogger [main] Running with Spring Boot v2.6.7, Spring v5.3.19
2022-05-15 13:54:16,051 INFO org.springframework.boot.SpringApplication [main] No active profile set, falling back to 1 default profile: "default"
2022-05-15 13:54:16,714 INFO org.springframework.data.repository.config.RepositoryConfigurationDelegate [main] Multiple Spring Data modules found, entering strict repository configuration mode!
2022-05-15 13:54:16,716 INFO org.springframework.data.repository.config.RepositoryConfigurationDelegate [main] Bootstrapping Spring Data Redis repositories in DEFAULT mode.
2022-05-15 13:54:16,735 INFO org.springframework.data.repository.config.RepositoryConfigurationDelegate [main] Finished Spring Data repository scanning in 10 ms. Found 0 Redis repository interfaces.
2022-05-15 13:54:17,027 INFO org.springframework.boot.web.embedded.tomcat.TomcatWebServer [main] Tomcat initialized with port(s): 8080 (http)
2022-05-15 13:54:17,032 INFO org.apache.juli.logging.DirectJDKLog [main] Initializing ProtocolHandler ["http-nio-8080"]
2022-05-15 13:54:17,033 INFO org.apache.juli.logging.DirectJDKLog [main] Starting service [Tomcat]
2022-05-15 13:54:17,033 INFO org.apache.juli.logging.DirectJDKLog [main] Starting Servlet engine: [Apache Tomcat/9.0.62]
2022-05-15 13:54:17,102 INFO org.apache.juli.logging.DirectJDKLog [main] Initializing Spring embedded WebApplicationContext
2022-05-15 13:54:17,102 INFO org.springframework.boot.web.servlet.context.ServletWebServerApplicationContext [main] Root WebApplicationContext: initialization completed in 980 ms
2022-05-15 13:54:17,414 INFO springfox.documentation.spring.web.PropertySourcedRequestMappingHandlerMapping [main] Mapped URL path [/v2/api-docs] onto method [springfox.documentation.swagger2.web.Swagger2Controller#getDocumentation(String, HttpServletRequest)]
2022-05-15 13:54:17,664 INFO org.apache.juli.logging.DirectJDKLog [main] Starting ProtocolHandler ["http-nio-8080"]
2022-05-15 13:54:17,681 INFO org.springframework.boot.web.embedded.tomcat.TomcatWebServer [main] Tomcat started on port(s): 8080 (http) with context path '/api'
2022-05-15 13:54:17,682 INFO springfox.documentation.spring.web.plugins.DocumentationPluginsBootstrapper [main] Context refreshed
2022-05-15 13:54:17,692 INFO springfox.documentation.spring.web.plugins.DocumentationPluginsBootstrapper [main] Found 1 custom documentation plugin(s)
2022-05-15 13:54:17,711 INFO springfox.documentation.spring.web.scanners.ApiListingReferenceScanner [main] Scanning for api listing references
2022-05-15 13:54:17,824 INFO org.springframework.boot.StartupInfoLogger [main] Started TbslApiApplication in 2.84 seconds (JVM running for 3.904)
2022-05-15 13:54:17,826 INFO com.biggergames.tbslapi.config.listener.CustomApplicationListener [main] Application started!
2022-05-15 13:54:17,861 INFO com.biggergames.tbslapi.config.util.DataUtil [main] Data Inserted/Updated Successfully for ALİAĞA PETKİM SPOR
2022-05-15 13:54:17,863 INFO com.biggergames.tbslapi.config.util.DataUtil [main] Data Inserted/Updated Successfully for ANADOLU EFES
2022-05-15 13:54:17,864 INFO com.biggergames.tbslapi.config.util.DataUtil [main] Data Inserted/Updated Successfully for BAHÇEŞEHİR KOLEJİ
2022-05-15 13:54:17,866 INFO com.biggergames.tbslapi.config.util.DataUtil [main] Data Inserted/Updated Successfully for BEŞİKTAŞ ICRYPEX
2022-05-15 13:54:17,868 INFO com.biggergames.tbslapi.config.util.DataUtil [main] Data Inserted/Updated Successfully for BÜYÜKÇEKMECE BASKETBOL
2022-05-15 13:54:17,870 INFO com.biggergames.tbslapi.config.util.DataUtil [main] Data Inserted/Updated Successfully for DARÜŞŞAFAKA
2022-05-15 13:54:17,872 INFO com.biggergames.tbslapi.config.util.DataUtil [main] Data Inserted/Updated Successfully for FENERBAHÇE BEKO
2022-05-15 13:54:17,873 INFO com.biggergames.tbslapi.config.util.DataUtil [main] Data Inserted/Updated Successfully for FRUTTİ EXTRA BURSASPOR
2022-05-15 13:54:17,875 INFO com.biggergames.tbslapi.config.util.DataUtil [main] Data Inserted/Updated Successfully for GALATASARAY NEF
2022-05-15 13:54:17,877 INFO com.biggergames.tbslapi.config.util.DataUtil [main] Data Inserted/Updated Successfully for GAZİANTEP BASKETBOL
2022-05-15 13:54:17,879 INFO com.biggergames.tbslapi.config.util.DataUtil [main] Data Inserted/Updated Successfully for HDI SİGORTA AFYON BELEDİYESİ
2022-05-15 13:54:17,881 INFO com.biggergames.tbslapi.config.util.DataUtil [main] Data Inserted/Updated Successfully for PINAR KARŞIYAKA
2022-05-15 13:54:17,883 INFO com.biggergames.tbslapi.config.util.DataUtil [main] Data Inserted/Updated Successfully for SEMT77 YALOVASPOR
2022-05-15 13:54:17,885 INFO com.biggergames.tbslapi.config.util.DataUtil [main] Data Inserted/Updated Successfully for TOFAŞ
2022-05-15 13:54:17,887 INFO com.biggergames.tbslapi.config.util.DataUtil [main] Data Inserted/Updated Successfully for TÜRK TELEKOM SPOR
2022-05-15 13:54:17,889 INFO com.biggergames.tbslapi.config.util.DataUtil [main] Data Inserted/Updated Successfully for YUKATEL MERKEZEFENDİ BELEDİYESİ BASKET
2022-05-15 13:54:17,889 INFO com.biggergames.tbslapi.config.util.DataUtil [main] Redis Data Initialize Completed
2022-05-15 13:54:28,650 INFO org.apache.juli.logging.DirectJDKLog [http-nio-8080-exec-1] Initializing Spring DispatcherServlet 'dispatcherServlet'
2022-05-15 13:54:28,651 INFO org.springframework.web.servlet.FrameworkServlet [http-nio-8080-exec-1] Initializing Servlet 'dispatcherServlet'
2022-05-15 13:54:28,653 INFO org.springframework.web.servlet.FrameworkServlet [http-nio-8080-exec-1] Completed initialization in 2 ms
2022-05-15 13:54:28,807 INFO com.biggergames.tbslapi.config.util.DataUtil [http-nio-8080-exec-1] Team Data :PINAR KARŞIYAKA updated with new score :3
2022-05-15 13:54:28,809 INFO com.biggergames.tbslapi.config.util.DataUtil [http-nio-8080-exec-1] Team Data :FRUTTİ EXTRA BURSASPOR updated with new score :0
